<?xml version="1.0" encoding="UTF-8"?>
<!-- Generated by org.testng.reporters.JUnitReportReporter -->
<testsuite hostname="DESKTOP-M10QFCN" failures="0" tests="1" name="maven.mavenproject.TestNgAmazon" time="93.526" errors="0" timestamp="2022-04-29T22:45:33 IST" skipped="0">
  <testcase classname="maven.mavenproject.TestNgAmazon" name="amazonsearch" time="93.526"/>
  <system-out/>
</testsuite> <!-- maven.mavenproject.TestNgAmazon -->
