<?xml version="1.0" encoding="UTF-8"?>
<!-- Generated by org.testng.reporters.JUnitReportReporter -->
<testsuite hostname="DESKTOP-M10QFCN" failures="0" tests="2" name="maven.mavenproject.TestNg" time="40.940" errors="0" timestamp="2022-04-29T22:45:33 IST" skipped="0">
  <testcase classname="maven.mavenproject.TestNg" name="test1" time="14.369"/>
  <system-out/>
  <testcase classname="maven.mavenproject.TestNg" name="test2" time="26.571"/>
  <system-out/>
</testsuite> <!-- maven.mavenproject.TestNg -->
