<?xml version="1.0" encoding="UTF-8"?>
<!-- Generated by org.testng.reporters.JUnitReportReporter -->
<testsuite hostname="DESKTOP-M10QFCN" failures="0" tests="1" name="maven.mavenproject.BrowsersOpen" time="25.157" errors="0" timestamp="2022-05-02T19:45:45 IST" skipped="0">
  <testcase classname="maven.mavenproject.BrowsersOpen" name="openEdureka" time="25.157"/>
  <system-out/>
</testsuite> <!-- maven.mavenproject.BrowsersOpen -->
