<?xml version="1.0" encoding="UTF-8"?>
<!-- Generated by org.testng.reporters.JUnitReportReporter -->
<testsuite hostname="DESKTOP-M10QFCN" failures="0" tests="1" name="maven.mavenproject.TestNgXPath" time="28.411" errors="0" timestamp="2022-04-29T22:40:43 IST" skipped="0">
  <testcase classname="maven.mavenproject.TestNgXPath" name="f" time="28.411"/>
  <system-out/>
</testsuite> <!-- maven.mavenproject.TestNgXPath -->
