<?xml version="1.0" encoding="UTF-8"?>
<!-- Generated by org.testng.reporters.JUnitReportReporter -->
<testsuite hostname="DESKTOP-M10QFCN" failures="0" tests="2" name="maven.mavenproject.Assertions" time="0.060" errors="0" timestamp="2022-05-02T19:00:14 IST" skipped="0">
  <testcase classname="maven.mavenproject.Assertions" name="checkEquals" time="0.042"/>
  <system-out/>
  <testcase classname="maven.mavenproject.Assertions" name="verify" time="0.018"/>
  <system-out/>
</testsuite> <!-- maven.mavenproject.Assertions -->
